mic   _utils.py          INFO     Log file created
mic   _utils.py          INFO     OS: {'name': 'Darwin', 'data': {'version': 'Darwin Kernel Version 19.6.0: Thu Jun 18 20:49:00 PDT 2020; root:xnu-6153.141.1~1/RELEASE_X86_64', 'release': '19.6.0', 'platform': 'Darwin-19.6.0-x86_64-i386-64bit'}}
mic   _utils.py          INFO     MIC Version: 1.3.4
mic   _utils.py          INFO     <=================>
mic   _utils.py          INFO     Command: {'name': 'start', 'command_parameters': {'name': {'value': 'dsiv1.2.0', 'type': 'str'}, 'image': {'value': 'condatest', 'type': 'str'}}}
mic   initialization.py  DEBUG    OS name: darwin
mic   docker.py          INFO     Downloading and building base docker image
mic   config_yaml.py     DEBUG    Writing to spec: {'file': '/Users/deborahkhider/Documents/MINT/Drought/ForMIC/mic/mic.yaml', 'data': {'key': 'name', 'value': 'dsiv1.2.0'}}
mic   config_yaml.py     DEBUG    Writing to spec: {'file': '/Users/deborahkhider/Documents/MINT/Drought/ForMIC/mic/mic.yaml', 'data': {'key': 'docker_image', 'value': 'dsiv1.2.0:latest'}}
mic   config_yaml.py     DEBUG    Writing to spec: {'file': '/Users/deborahkhider/Documents/MINT/Drought/ForMIC/mic/mic.yaml', 'data': {'key': 'framework', 'value': <Framework.GENERIC: ('general', 'mintproject/generic:latest')>}}
mic   config_yaml.py     DEBUG    Writing to spec: {'file': '/Users/deborahkhider/Documents/MINT/Drought/ForMIC/mic/mic.yaml', 'data': {'key': 'container_name', 'value': 'dsiv1.2.0_ec47cbfb'}}
mic   _utils.py          INFO     <=================>
mic   _utils.py          INFO     Command: {'name': 'trace', 'command_parameters': {'invocation_command': {'value': ('python', 'WM_climate_indices.py', 'config.json'), 'type': 'tuple'}, 'continu': {'value': None, 'type': 'NoneType'}, 'overwrite': {'value': None, 'type': 'NoneType'}}}
mic   commands.py        DEBUG    Append mode: None
mic   commands.py        INFO     trace done
mic   _utils.py          INFO     <=================>
mic   _utils.py          INFO     Command: {'name': 'configs', 'command_parameters': {'mic_file': {'value': '/tmp/mint/mic/mic.yaml', 'type': 'str'}, 'configuration_files': {'value': ('/tmp/mint/config.json',), 'type': 'tuple'}, 'auto_param': {'value': True, 'type': 'bool'}}}
mic   config_yaml.py     DEBUG    Writing to spec: {'file': '/tmp/mint/mic/mic.yaml', 'data': {'key': 'configs', 'value': {'config_json': {'path': 'config.json', 'format': 'json'}}}}
mic   commands.py        INFO     Added config file: /tmp/mint/config.json
mic   config_yaml.py     DEBUG    Writing to spec: {'file': '/tmp/mint/mic/mic.yaml', 'data': {'key': 'parameters', 'value': {'index': {'default_value': 'SPI', 'description': '', 'type': 'str'}, 'distribution': {'default_value': 'gamma', 'description': '', 'type': 'str'}, 'scales': {'default_value': 6, 'description': '', 'type': 'int'}, 'sim_start_year': {'default_value': 2010, 'description': '', 'type': 'int'}, 'sim_end_year': {'default_value': 2018, 'description': '', 'type': 'int'}, 'calib_start_year': {'default_value': 1981, 'description': '', 'type': 'int'}, 'global': {'default_value': False, 'description': '', 'type': 'bool'}, 'min_lon': {'default_value': 23, 'description': '', 'type': 'float'}, 'calib_end_year': {'default_value': 2010, 'description': '', 'type': 'int'}, 'max_lon': {'default_value': 48, 'description': '', 'type': 'float'}, 'min_lat': {'default_value': 3, 'description': '', 'type': 'float'}, 'max_lat': {'default_value': 15, 'description': '', 'type': 'float'}, 'dataset_type': {'default_value': 'ECMWF', 'description': '', 'type': 'str'}}}}
mic   config_yaml.py     DEBUG    Writing to spec: {'file': '/tmp/mint/mic/mic.yaml', 'data': {'key': 'parameters', 'value': {'index': {'default_value': 'SPI', 'description': '', 'type': 'str'}, 'distribution': {'default_value': 'gamma', 'description': '', 'type': 'str'}, 'scales': {'default_value': 6, 'description': '', 'type': 'int'}, 'sim_start_year': {'default_value': 2010, 'description': '', 'type': 'int'}, 'sim_end_year': {'default_value': 2018, 'description': '', 'type': 'int'}, 'calib_start_year': {'default_value': 1981, 'description': '', 'type': 'int'}, 'global': {'default_value': False, 'description': '', 'type': 'bool'}, 'min_lon': {'default_value': 23, 'description': '', 'type': 'float'}, 'calib_end_year': {'default_value': 2010, 'description': '', 'type': 'int'}, 'max_lon': {'default_value': 48, 'description': '', 'type': 'float'}, 'min_lat': {'default_value': 3, 'description': '', 'type': 'float'}, 'max_lat': {'default_value': 15, 'description': '', 'type': 'float'}, 'dataset_type': {'default_value': 'ECMWF', 'description': '', 'type': 'str'}}}}
mic   config_yaml.py     DEBUG    Writing to spec: {'file': '/tmp/mint/mic/mic.yaml', 'data': {'key': 'parameters', 'value': {'index': {'default_value': 'SPI', 'description': '', 'type': 'str'}, 'distribution': {'default_value': 'gamma', 'description': '', 'type': 'str'}, 'scales': {'default_value': 6, 'description': '', 'type': 'int'}, 'sim_start_year': {'default_value': 2010, 'description': '', 'type': 'int'}, 'sim_end_year': {'default_value': 2018, 'description': '', 'type': 'int'}, 'calib_start_year': {'default_value': 1981, 'description': '', 'type': 'int'}, 'global': {'default_value': False, 'description': '', 'type': 'bool'}, 'min_lon': {'default_value': 23, 'description': '', 'type': 'float'}, 'calib_end_year': {'default_value': 2010, 'description': '', 'type': 'int'}, 'max_lon': {'default_value': 48, 'description': '', 'type': 'float'}, 'min_lat': {'default_value': 3, 'description': '', 'type': 'float'}, 'max_lat': {'default_value': 15, 'description': '', 'type': 'float'}, 'dataset_type': {'default_value': 'ECMWF', 'description': '', 'type': 'str'}}}}
mic   config_yaml.py     DEBUG    Writing to spec: {'file': '/tmp/mint/mic/mic.yaml', 'data': {'key': 'parameters', 'value': {'index': {'default_value': 'SPI', 'description': '', 'type': 'str'}, 'distribution': {'default_value': 'gamma', 'description': '', 'type': 'str'}, 'scales': {'default_value': 6, 'description': '', 'type': 'int'}, 'sim_start_year': {'default_value': 2010, 'description': '', 'type': 'int'}, 'sim_end_year': {'default_value': 2018, 'description': '', 'type': 'int'}, 'calib_start_year': {'default_value': 1981, 'description': '', 'type': 'int'}, 'global': {'default_value': False, 'description': '', 'type': 'bool'}, 'min_lon': {'default_value': 23, 'description': '', 'type': 'float'}, 'calib_end_year': {'default_value': 2010, 'description': '', 'type': 'int'}, 'max_lon': {'default_value': 48, 'description': '', 'type': 'float'}, 'min_lat': {'default_value': 3, 'description': '', 'type': 'float'}, 'max_lat': {'default_value': 15, 'description': '', 'type': 'float'}, 'dataset_type': {'default_value': 'ECMWF', 'description': '', 'type': 'str'}}}}
mic   config_yaml.py     DEBUG    Writing to spec: {'file': '/tmp/mint/mic/mic.yaml', 'data': {'key': 'parameters', 'value': {'index': {'default_value': 'SPI', 'description': '', 'type': 'str'}, 'distribution': {'default_value': 'gamma', 'description': '', 'type': 'str'}, 'scales': {'default_value': 6, 'description': '', 'type': 'int'}, 'sim_start_year': {'default_value': 2010, 'description': '', 'type': 'int'}, 'sim_end_year': {'default_value': 2018, 'description': '', 'type': 'int'}, 'calib_start_year': {'default_value': 1981, 'description': '', 'type': 'int'}, 'global': {'default_value': False, 'description': '', 'type': 'bool'}, 'min_lon': {'default_value': 23, 'description': '', 'type': 'float'}, 'calib_end_year': {'default_value': 2010, 'description': '', 'type': 'int'}, 'max_lon': {'default_value': 48, 'description': '', 'type': 'float'}, 'min_lat': {'default_value': 3, 'description': '', 'type': 'float'}, 'max_lat': {'default_value': 15, 'description': '', 'type': 'float'}, 'dataset_type': {'default_value': 'ECMWF', 'description': '', 'type': 'str'}}}}
mic   config_yaml.py     DEBUG    Writing to spec: {'file': '/tmp/mint/mic/mic.yaml', 'data': {'key': 'parameters', 'value': {'index': {'default_value': 'SPI', 'description': '', 'type': 'str'}, 'distribution': {'default_value': 'gamma', 'description': '', 'type': 'str'}, 'scales': {'default_value': 6, 'description': '', 'type': 'int'}, 'sim_start_year': {'default_value': 2010, 'description': '', 'type': 'int'}, 'sim_end_year': {'default_value': 2018, 'description': '', 'type': 'int'}, 'calib_start_year': {'default_value': 1981, 'description': '', 'type': 'int'}, 'global': {'default_value': False, 'description': '', 'type': 'bool'}, 'min_lon': {'default_value': 23, 'description': '', 'type': 'float'}, 'calib_end_year': {'default_value': 2010, 'description': '', 'type': 'int'}, 'max_lon': {'default_value': 48, 'description': '', 'type': 'float'}, 'min_lat': {'default_value': 3, 'description': '', 'type': 'float'}, 'max_lat': {'default_value': 15, 'description': '', 'type': 'float'}, 'dataset_type': {'default_value': 'ECMWF', 'description': '', 'type': 'str'}}}}
mic   config_yaml.py     DEBUG    Writing to spec: {'file': '/tmp/mint/mic/mic.yaml', 'data': {'key': 'parameters', 'value': {'index': {'default_value': 'SPI', 'description': '', 'type': 'str'}, 'distribution': {'default_value': 'gamma', 'description': '', 'type': 'str'}, 'scales': {'default_value': 6, 'description': '', 'type': 'int'}, 'sim_start_year': {'default_value': 2010, 'description': '', 'type': 'int'}, 'sim_end_year': {'default_value': 2018, 'description': '', 'type': 'int'}, 'calib_start_year': {'default_value': 1981, 'description': '', 'type': 'int'}, 'global': {'default_value': False, 'description': '', 'type': 'bool'}, 'min_lon': {'default_value': 23, 'description': '', 'type': 'float'}, 'calib_end_year': {'default_value': 2010, 'description': '', 'type': 'int'}, 'max_lon': {'default_value': 48, 'description': '', 'type': 'float'}, 'min_lat': {'default_value': 3, 'description': '', 'type': 'float'}, 'max_lat': {'default_value': 15, 'description': '', 'type': 'float'}, 'dataset_type': {'default_value': 'ECMWF', 'description': '', 'type': 'str'}}}}
mic   config_yaml.py     DEBUG    Writing to spec: {'file': '/tmp/mint/mic/mic.yaml', 'data': {'key': 'parameters', 'value': {'index': {'default_value': 'SPI', 'description': '', 'type': 'str'}, 'distribution': {'default_value': 'gamma', 'description': '', 'type': 'str'}, 'scales': {'default_value': 6, 'description': '', 'type': 'int'}, 'sim_start_year': {'default_value': 2010, 'description': '', 'type': 'int'}, 'sim_end_year': {'default_value': 2018, 'description': '', 'type': 'int'}, 'calib_start_year': {'default_value': 1981, 'description': '', 'type': 'int'}, 'global': {'default_value': False, 'description': '', 'type': 'bool'}, 'min_lon': {'default_value': 23, 'description': '', 'type': 'float'}, 'calib_end_year': {'default_value': 2010, 'description': '', 'type': 'int'}, 'max_lon': {'default_value': 48, 'description': '', 'type': 'float'}, 'min_lat': {'default_value': 3, 'description': '', 'type': 'float'}, 'max_lat': {'default_value': 15, 'description': '', 'type': 'float'}, 'dataset_type': {'default_value': 'ECMWF', 'description': '', 'type': 'str'}}}}
mic   config_yaml.py     DEBUG    Writing to spec: {'file': '/tmp/mint/mic/mic.yaml', 'data': {'key': 'parameters', 'value': {'index': {'default_value': 'SPI', 'description': '', 'type': 'str'}, 'distribution': {'default_value': 'gamma', 'description': '', 'type': 'str'}, 'scales': {'default_value': 6, 'description': '', 'type': 'int'}, 'sim_start_year': {'default_value': 2010, 'description': '', 'type': 'int'}, 'sim_end_year': {'default_value': 2018, 'description': '', 'type': 'int'}, 'calib_start_year': {'default_value': 1981, 'description': '', 'type': 'int'}, 'global': {'default_value': False, 'description': '', 'type': 'bool'}, 'min_lon': {'default_value': 23, 'description': '', 'type': 'float'}, 'calib_end_year': {'default_value': 2010, 'description': '', 'type': 'int'}, 'max_lon': {'default_value': 48, 'description': '', 'type': 'float'}, 'min_lat': {'default_value': 3, 'description': '', 'type': 'float'}, 'max_lat': {'default_value': 15, 'description': '', 'type': 'float'}, 'dataset_type': {'default_value': 'ECMWF', 'description': '', 'type': 'str'}}}}
mic   config_yaml.py     DEBUG    Writing to spec: {'file': '/tmp/mint/mic/mic.yaml', 'data': {'key': 'parameters', 'value': {'index': {'default_value': 'SPI', 'description': '', 'type': 'str'}, 'distribution': {'default_value': 'gamma', 'description': '', 'type': 'str'}, 'scales': {'default_value': 6, 'description': '', 'type': 'int'}, 'sim_start_year': {'default_value': 2010, 'description': '', 'type': 'int'}, 'sim_end_year': {'default_value': 2018, 'description': '', 'type': 'int'}, 'calib_start_year': {'default_value': 1981, 'description': '', 'type': 'int'}, 'global': {'default_value': False, 'description': '', 'type': 'bool'}, 'min_lon': {'default_value': 23, 'description': '', 'type': 'float'}, 'calib_end_year': {'default_value': 2010, 'description': '', 'type': 'int'}, 'max_lon': {'default_value': 48, 'description': '', 'type': 'float'}, 'min_lat': {'default_value': 3, 'description': '', 'type': 'float'}, 'max_lat': {'default_value': 15, 'description': '', 'type': 'float'}, 'dataset_type': {'default_value': 'ECMWF', 'description': '', 'type': 'str'}}}}
mic   config_yaml.py     DEBUG    Writing to spec: {'file': '/tmp/mint/mic/mic.yaml', 'data': {'key': 'step', 'value': 2}}
mic   commands.py        INFO     configs done
mic   _utils.py          INFO     <=================>
mic   _utils.py          INFO     Command: {'name': 'wrapper', 'command_parameters': {'mic_file': {'value': '/tmp/mint/mic/mic.yaml', 'type': 'str'}}}
mic   commands.py        INFO     Generating wrapper code
mic   reprozip.py        DEBUG    Pre runner code: ''
mic   reprozip.py        DEBUG    Runner code: '\npushd .\npython WM_climate_indices.py config.json\npopd'
mic   initialization.py  DEBUG    run file rendered
mic   initialization.py  DEBUG    io file rendered
mic   commands.py        INFO     wrapper done
mic   _utils.py          INFO     <=================>
mic   _utils.py          INFO     Command: {'name': 'run', 'command_parameters': {'mic_file': {'value': '/tmp/mint/mic/mic.yaml', 'type': 'str'}}}
mic   executor.py        INFO     Running: ./run   -i1 /tmp/mint/mic/executions/11_02_19_46_48/src/GLDAS2.1_TP_2000_2018.nc  -o1 results_nc.nc -o2 results_mp4.mp4  -p1 "SPI" -p2 "gamma" -p3 6 -p4 2010 -p5 2018 -p6 2000 -p7 False -p8 23 -p9 2010 -p10 48 -p11 3 -p12 15 -p13 "GLDAS"
mic   executor.py        DEBUG    exe_arr: ['./run', '-i1', '/tmp/mint/mic/executions/11_02_19_46_48/src/GLDAS2.1_TP_2000_2018.nc', '-o1', 'results_nc.nc', '-o2', 'results_mp4.mp4', '-p1', 'SPI', '-p2', 'gamma', '-p3', '6', '-p4', '2010', '-p5', '2018', '-p6', '2000', '-p7', 'False', '-p8', '23', '-p9', '2010', '-p10', '48', '-p11', '3', '-p12', '15', '-p13', 'GLDAS']
mic   commands.py        WARNING  Run failed
mic   commands.py        INFO     run done
mic   _utils.py          INFO     <=================>
mic   _utils.py          INFO     Command: {'name': 'wrapper', 'command_parameters': {'mic_file': {'value': '/tmp/mint/mic/mic.yaml', 'type': 'str'}}}
mic   commands.py        INFO     Generating wrapper code
mic   reprozip.py        DEBUG    Pre runner code: ''
mic   reprozip.py        DEBUG    Runner code: '\npushd .\npython WM_climate_indices.py config.json\npopd'
mic   initialization.py  DEBUG    run file rendered
mic   initialization.py  DEBUG    io file rendered
mic   commands.py        ERROR    Wrapper failed: [Errno 2] No such file or directory: '/tmp/mint/WM_drought_indices.py'
Traceback (most recent call last):
  File "/opt/conda/envs/climate/lib/python3.8/site-packages/mic/click_encapsulate/commands.py", line 583, in wrapper
    copy_code_to_src(mic_code, user_execution_directory, mic_directory_path / SRC_DIR)
  File "/opt/conda/envs/climate/lib/python3.8/site-packages/mic/component/executor.py", line 117, in copy_code_to_src
    shutil.copyfile(file_path, src_dir / file_path.name)
  File "/opt/conda/envs/climate/lib/python3.8/shutil.py", line 261, in copyfile
    with open(src, 'rb') as fsrc, open(dst, 'wb') as fdst:
FileNotFoundError: [Errno 2] No such file or directory: '/tmp/mint/WM_drought_indices.py'
mic   _utils.py          INFO     <=================>
mic   _utils.py          INFO     Command: {'name': 'wrapper', 'command_parameters': {'mic_file': {'value': '/tmp/mint/mic/mic.yaml', 'type': 'str'}}}
mic   commands.py        INFO     Generating wrapper code
mic   reprozip.py        DEBUG    Pre runner code: ''
mic   reprozip.py        DEBUG    Runner code: '\npushd .\npython WM_climate_indices.py config.json\npopd'
mic   initialization.py  DEBUG    run file rendered
mic   initialization.py  DEBUG    io file rendered
mic   commands.py        INFO     wrapper done
mic   _utils.py          INFO     <=================>
mic   _utils.py          INFO     Command: {'name': 'run', 'command_parameters': {'mic_file': {'value': '/tmp/mint/mic/mic.yaml', 'type': 'str'}}}
mic   executor.py        INFO     Running: ./run   -i1 /tmp/mint/mic/executions/11_02_19_54_04/src/GLDAS2.1_TP_2000_2018.nc  -o1 results_nc.nc -o2 results_mp4.mp4  -p1 "SPI" -p2 "gamma" -p3 6 -p4 2010 -p5 2018 -p6 2000 -p7 False -p8 23 -p9 2010 -p10 48 -p11 3 -p12 15 -p13 "GLDAS"
mic   executor.py        DEBUG    exe_arr: ['./run', '-i1', '/tmp/mint/mic/executions/11_02_19_54_04/src/GLDAS2.1_TP_2000_2018.nc', '-o1', 'results_nc.nc', '-o2', 'results_mp4.mp4', '-p1', 'SPI', '-p2', 'gamma', '-p3', '6', '-p4', '2010', '-p5', '2018', '-p6', '2000', '-p7', 'False', '-p8', '23', '-p9', '2010', '-p10', '48', '-p11', '3', '-p12', '15', '-p13', 'GLDAS']
mic   commands.py        WARNING  Run failed
mic   commands.py        INFO     run done
mic   _utils.py          INFO     <=================>
mic   _utils.py          INFO     Command: {'name': 'wrapper', 'command_parameters': {'mic_file': {'value': '/tmp/mint/mic/mic.yaml', 'type': 'str'}}}
mic   commands.py        INFO     Generating wrapper code
mic   reprozip.py        DEBUG    Pre runner code: ''
mic   reprozip.py        DEBUG    Runner code: '\npushd .\npython WM_climate_indices.py config.json\npopd'
mic   initialization.py  DEBUG    run file rendered
mic   initialization.py  DEBUG    io file rendered
mic   commands.py        INFO     wrapper done
mic   _utils.py          INFO     <=================>
mic   _utils.py          INFO     Command: {'name': 'run', 'command_parameters': {'mic_file': {'value': '/tmp/mint/mic/mic.yaml', 'type': 'str'}}}
mic   executor.py        INFO     Running: ./run   -i1 /tmp/mint/mic/executions/11_02_21_13_47/src/GLDAS2.1_TP_2000_2018.nc  -o1 results_nc.nc -o2 results_mp4.mp4  -p1 "SPI" -p2 "gamma" -p3 6 -p4 2010 -p5 2018 -p6 2000 -p7 False -p8 23 -p9 2010 -p10 48 -p11 3 -p12 15 -p13 "GLDAS"
mic   executor.py        DEBUG    exe_arr: ['./run', '-i1', '/tmp/mint/mic/executions/11_02_21_13_47/src/GLDAS2.1_TP_2000_2018.nc', '-o1', 'results_nc.nc', '-o2', 'results_mp4.mp4', '-p1', 'SPI', '-p2', 'gamma', '-p3', '6', '-p4', '2010', '-p5', '2018', '-p6', '2000', '-p7', 'False', '-p8', '23', '-p9', '2010', '-p10', '48', '-p11', '3', '-p12', '15', '-p13', 'GLDAS']
mic   commands.py        INFO     Run passed
mic   commands.py        INFO     run done
mic   commands.py        INFO     start done
mic   _utils.py          INFO     <=================>
mic   _utils.py          INFO     Command: {'name': 'upload', 'command_parameters': {'mic_file': {'value': '/Users/deborahkhider/Documents/MINT/Drought/ForMIC/mic/mic.yaml', 'type': 'str'}, 'profile': {'value': 'default', 'type': 'str'}, 'model_configuration': {'value': True, 'type': 'bool'}, 'data_transformation': {'value': None, 'type': 'NoneType'}}}
mic   github.py          INFO     Creating the git repository
mic   github.py          INFO     Compressing code
mic   github.py          INFO     Creating a new commit
